<?xml version="1.0" encoding="UTF-8"?>
<!-- Generated by org.testng.reporters.JUnitReportReporter -->
<testsuite hostname="DESKTOP-6E13JVC" failures="0" tests="3" name="com.fb.qa.excel.ExcelDataProviderTest" time="27.395" errors="0" timestamp="2022-08-12T16:43:58 IST" skipped="0">
  <testcase classname="com.fb.qa.excel.ExcelDataProviderTest" name="test1" time="10.891"/>
  <system-out/>
  <testcase classname="com.fb.qa.excel.ExcelDataProviderTest" name="test1" time="8.189"/>
  <system-out/>
  <testcase classname="com.fb.qa.excel.ExcelDataProviderTest" name="test1" time="8.315"/>
  <system-out/>
</testsuite> <!-- com.fb.qa.excel.ExcelDataProviderTest -->
