<?xml version="1.0" encoding="UTF-8"?>
<!-- Generated by org.testng.reporters.JUnitReportReporter -->
<testsuite hostname="DESKTOP-6E13JVC" failures="0" tests="2" name="com.fb.qa.testcases.LoginPageTest" time="38.464" errors="0" timestamp="2022-08-12T16:43:58 IST" skipped="0">
  <testcase classname="com.fb.qa.testcases.LoginPageTest" name="loginPageTitleTest" time="14.693"/>
  <system-out/>
  <testcase classname="com.fb.qa.testcases.LoginPageTest" name="loginTest" time="23.771"/>
  <system-out/>
</testsuite> <!-- com.fb.qa.testcases.LoginPageTest -->
