<?xml version="1.0" encoding="UTF-8"?>
<!-- Generated by org.testng.reporters.JUnitReportReporter -->
<testsuite hostname="DESKTOP-6E13JVC" failures="0" tests="2" name="com.fb.qa.testcases.SignUpPageTest" time="39.486" errors="0" timestamp="2022-08-12T16:43:58 IST" skipped="0">
  <testcase classname="com.fb.qa.testcases.SignUpPageTest" name="signUpPageTitleTest" time="16.046"/>
  <system-out/>
  <testcase classname="com.fb.qa.testcases.SignUpPageTest" name="SignUpTest" time="23.440"/>
  <system-out/>
</testsuite> <!-- com.fb.qa.testcases.SignUpPageTest -->
