<?xml version="1.0" encoding="UTF-8"?>
<!-- Generated by org.testng.reporters.JUnitReportReporter -->
<testsuite hostname="DESKTOP-6E13JVC" failures="0" tests="4" name="com.fb.qa.testcases.ProfilePageTest" time="84.703" errors="0" timestamp="2022-08-12T16:43:58 IST" skipped="0">
  <testcase classname="com.fb.qa.testcases.ProfilePageTest" name="checkProfilePageTest" time="17.998"/>
  <system-out/>
  <testcase classname="com.fb.qa.testcases.ProfilePageTest" name="checkBioDataEntryTest" time="21.536"/>
  <system-out/>
  <testcase classname="com.fb.qa.testcases.ProfilePageTest" name="seeAllPhotosTest" time="21.017"/>
  <system-out/>
  <testcase classname="com.fb.qa.testcases.ProfilePageTest" name="editProfileTest" time="24.152"/>
  <system-out/>
</testsuite> <!-- com.fb.qa.testcases.ProfilePageTest -->
