<?xml version="1.0" encoding="UTF-8"?>
<!-- Generated by org.testng.reporters.JUnitReportReporter -->
<testsuite hostname="DESKTOP-6E13JVC" failures="0" tests="2" name="com.fb.qa.testcases.HomePageTest" time="22.442" errors="0" timestamp="2022-08-06T08:36:40 IST" skipped="0">
  <testcase classname="com.fb.qa.testcases.HomePageTest" name="verifyHomePageTitleTest" time="9.345"/>
  <system-out/>
  <testcase classname="com.fb.qa.testcases.HomePageTest" name="verifyUserNameTest" time="13.097"/>
  <system-out/>
</testsuite> <!-- com.fb.qa.testcases.HomePageTest -->
