<?xml version="1.0" encoding="UTF-8"?>
<!-- Generated by org.testng.reporters.JUnitReportReporter -->
<testsuite hostname="DESKTOP-6E13JVC" failures="0" tests="2" name="com.fb.qa.testcases.LoginPageTest" time="13.419" errors="0" timestamp="2022-08-04T16:49:29 IST" skipped="0">
  <testcase classname="com.fb.qa.testcases.LoginPageTest" name="loginPageTitleTest" time="7.274"/>
  <system-out/>
  <testcase classname="com.fb.qa.testcases.LoginPageTest" name="loginTest" time="6.145"/>
  <system-out/>
</testsuite> <!-- com.fb.qa.testcases.LoginPageTest -->
