<?xml version="1.0" encoding="UTF-8"?>
<!-- Generated by org.testng.reporters.JUnitReportReporter -->
<testsuite hostname="DESKTOP-6E13JVC" failures="0" tests="2" name="com.fb.qa.testcases.LoginPageTest" time="12.903" errors="0" timestamp="2022-08-06T08:36:01 IST" skipped="0">
  <testcase classname="com.fb.qa.testcases.LoginPageTest" name="loginPageTitleTest" time="5.080"/>
  <system-out/>
  <testcase classname="com.fb.qa.testcases.LoginPageTest" name="loginTest" time="7.823"/>
  <system-out/>
</testsuite> <!-- com.fb.qa.testcases.LoginPageTest -->
