<?xml version="1.0" encoding="UTF-8"?>
<!-- Generated by org.testng.reporters.JUnitReportReporter -->
<testsuite hostname="DESKTOP-6E13JVC" failures="0" tests="1" name="com.fb.qa.util.ExcelDataProviderTest" time="10.919" errors="0" timestamp="2022-08-08T09:37:08 IST" skipped="0">
  <testcase classname="com.fb.qa.util.ExcelDataProviderTest" name="test1" time="10.919"/>
  <system-out/>
</testsuite> <!-- com.fb.qa.util.ExcelDataProviderTest -->
